Java HotSpot(TM) 64-Bit Server VM (build 24.0-b56, mixed mode)
[YourKit Java Profiler 11.0.10] Log file: /home/saad/.yjp/log/3521.log
Failed to clear URL cache
Failed to clear URL cache
[  13031]   WARN - api.vfs.impl.local.FileWatcher - Native file watcher is not executable: <a href="/home/saad/Software/idea-IU-129.961/bin/fsnotifier64">/home/saad/Software/idea-IU-129.961/bin/fsnotifier64</a> 
[  34435]   WARN - pl.ExternalResourceManagerImpl - Cannot find standard resource. filename:/META-INF/tapestry_5_0_0.xsd class=null 
[12925914]   WARN - pi.vfs.impl.jar.JarHandlerBase - error in opening zip file: /home/saad/IdeaProjects/RoutePlanner/RoutePlanner-ejb/pom.xml 
java.util.zip.ZipException: error in opening zip file
	at java.util.zip.ZipFile.$$YJP$$open(Native Method)
	at java.util.zip.ZipFile.open(ZipFile.java)
	at java.util.zip.ZipFile.<init>(ZipFile.java:215)
	at java.util.zip.ZipFile.<init>(ZipFile.java:145)
	at java.util.zip.ZipFile.<init>(ZipFile.java:159)
	at com.intellij.openapi.vfs.impl.jar.JarHandlerBase.createJarFile(JarHandlerBase.java:128)
	at com.intellij.openapi.vfs.impl.jar.JarHandlerBase.getJar(JarHandlerBase.java:114)
	at com.intellij.openapi.vfs.impl.jar.JarHandlerBase.initEntries(JarHandlerBase.java:83)
	at com.intellij.openapi.vfs.impl.jar.JarHandlerBase.getEntriesMap(JarHandlerBase.java:256)
	at com.intellij.openapi.vfs.impl.jar.JarHandlerBase.getEntryInfo(JarHandlerBase.java:251)
	at com.intellij.openapi.vfs.impl.jar.JarHandlerBase.getEntryInfo(JarHandlerBase.java:246)
	at com.intellij.openapi.vfs.impl.jar.JarHandlerBase.list(JarHandlerBase.java:230)
	at com.intellij.openapi.vfs.impl.jar.JarFileSystemImpl.list(JarFileSystemImpl.java:287)
	at com.intellij.openapi.vfs.newvfs.persistent.PersistentFSImpl.a(PersistentFSImpl.java:158)
	at com.intellij.openapi.vfs.newvfs.persistent.PersistentFSImpl.listAll(PersistentFSImpl.java:219)
	at com.intellij.openapi.vfs.newvfs.impl.VirtualDirectoryImpl.getChildren(VirtualDirectoryImpl.java:478)
	at com.intellij.openapi.vfs.VfsUtilCore.visitChildrenRecursively(VfsUtilCore.java:215)
	at com.intellij.openapi.roots.impl.DirectoryIndexImpl$IndexState.b(DirectoryIndexImpl.java:848)
	at com.intellij.openapi.roots.impl.DirectoryIndexImpl$IndexState.b(DirectoryIndexImpl.java:836)
	at com.intellij.openapi.roots.impl.DirectoryIndexImpl$IndexState.a(DirectoryIndexImpl.java:1046)
	at com.intellij.openapi.roots.impl.DirectoryIndexImpl$IndexState.access$2600(DirectoryIndexImpl.java:486)
	at com.intellij.openapi.roots.impl.DirectoryIndexImpl.d(DirectoryIndexImpl.java:419)
	at com.intellij.openapi.roots.impl.DirectoryIndexImpl.access$400(DirectoryIndexImpl.java:54)
	at com.intellij.openapi.roots.impl.DirectoryIndexImpl$4.rootsChanged(DirectoryIndexImpl.java:123)
	at sun.reflect.GeneratedMethodAccessor68.invoke(Unknown Source)
	at sun.reflect.DelegatingMethodAccessorImpl.invoke(DelegatingMethodAccessorImpl.java:43)
	at java.lang.reflect.Method.invoke(Method.java:606)
	at com.intellij.util.messages.impl.MessageBusConnectionImpl.deliverMessage(MessageBusConnectionImpl.java:120)
	at com.intellij.util.messages.impl.MessageBusImpl.doPumpMessages(MessageBusImpl.java:228)
	at com.intellij.util.messages.impl.MessageBusImpl.doPumpMessages(MessageBusImpl.java:234)
	at com.intellij.util.messages.impl.MessageBusImpl.pumpMessages(MessageBusImpl.java:219)
	at com.intellij.util.messages.impl.MessageBusImpl.pumpMessages(MessageBusImpl.java:216)
	at com.intellij.util.messages.impl.MessageBusImpl.sendMessage(MessageBusImpl.java:209)
	at com.intellij.util.messages.impl.MessageBusImpl.access$000(MessageBusImpl.java:43)
	at com.intellij.util.messages.impl.MessageBusImpl$1.invoke(MessageBusImpl.java:131)
	at com.sun.proxy.$Proxy112.rootsChanged(Unknown Source)
	at com.intellij.openapi.roots.impl.ProjectRootManagerComponent.fireRootsChangedEvent(ProjectRootManagerComponent.java:207)
	at com.intellij.openapi.roots.impl.ProjectRootManagerImpl.b(ProjectRootManagerImpl.java:408)
	at com.intellij.openapi.roots.impl.ProjectRootManagerImpl.access$100(ProjectRootManagerImpl.java:55)
	at com.intellij.openapi.roots.impl.ProjectRootManagerImpl$BatchSession.a(ProjectRootManagerImpl.java:107)
	at com.intellij.openapi.roots.impl.ProjectRootManagerImpl$BatchSession.rootsChanged(ProjectRootManagerImpl.java:120)
	at com.intellij.openapi.roots.impl.ProjectRootManagerImpl.mergeRootsChangesDuring(ProjectRootManagerImpl.java:319)
	at org.jetbrains.idea.maven.importing.MavenDefaultModifiableModelsProvider.commit(MavenDefaultModifiableModelsProvider.java:109)
	at org.jetbrains.idea.maven.importing.MavenProjectImporter$1.run(MavenProjectImporter.java:131)
	at com.intellij.openapi.application.impl.ApplicationImpl.runWriteAction(ApplicationImpl.java:1013)
	at org.jetbrains.idea.maven.utils.MavenUtil$3.run(MavenUtil.java:161)
	at org.jetbrains.idea.maven.utils.MavenUtil$2.run(MavenUtil.java:151)
	at com.intellij.openapi.application.impl.LaterInvocator$1.run(LaterInvocator.java:169)
	at com.intellij.openapi.application.impl.LaterInvocator$FlushQueue.run(LaterInvocator.java:343)
	at java.awt.event.InvocationEvent.dispatch(InvocationEvent.java:251)
	at java.awt.EventQueue.dispatchEventImpl(EventQueue.java:733)
	at java.awt.EventQueue.access$200(EventQueue.java:103)
	at java.awt.EventQueue$3.run(EventQueue.java:694)
	at java.awt.EventQueue$3.run(EventQueue.java:692)
	at java.security.AccessController.doPrivileged(Native Method)
	at java.security.ProtectionDomain$1.doIntersectionPrivilege(ProtectionDomain.java:76)
	at java.awt.EventQueue.dispatchEvent(EventQueue.java:703)
	at com.intellij.ide.IdeEventQueue.d(IdeEventQueue.java:700)
	at com.intellij.ide.IdeEventQueue._dispatchEvent(IdeEventQueue.java:525)
	at com.intellij.ide.IdeEventQueue.dispatchEvent(IdeEventQueue.java:348)
	at java.awt.EventDispatchThread.pumpOneEventForFilters(EventDispatchThread.java:242)
	at java.awt.EventDispatchThread.pumpEventsForFilter(EventDispatchThread.java:161)
	at java.awt.EventDispatchThread.pumpEventsForHierarchy(EventDispatchThread.java:150)
	at java.awt.EventDispatchThread.pumpEvents(EventDispatchThread.java:146)
	at java.awt.EventDispatchThread.pumpEvents(EventDispatchThread.java:138)
	at java.awt.EventDispatchThread.run(EventDispatchThread.java:91)
[12925949]   WARN - pi.vfs.impl.jar.JarHandlerBase - error in opening zip file: /home/saad/IdeaProjects/RoutePlanner/RoutePlanner-ejb/pom.xml 
java.util.zip.ZipException: error in opening zip file
	at java.util.zip.ZipFile.$$YJP$$open(Native Method)
	at java.util.zip.ZipFile.open(ZipFile.java)
	at java.util.zip.ZipFile.<init>(ZipFile.java:215)
	at java.util.zip.ZipFile.<init>(ZipFile.java:145)
	at java.util.zip.ZipFile.<init>(ZipFile.java:159)
	at com.intellij.openapi.vfs.impl.jar.JarHandlerBase.createJarFile(JarHandlerBase.java:128)
	at com.intellij.openapi.vfs.impl.jar.JarHandlerBase.getJar(JarHandlerBase.java:114)
	at com.intellij.openapi.vfs.impl.jar.JarHandlerBase.initEntries(JarHandlerBase.java:83)
	at com.intellij.openapi.vfs.impl.jar.JarHandlerBase.getEntriesMap(JarHandlerBase.java:256)
	at com.intellij.openapi.vfs.impl.jar.JarHandlerBase.list(JarHandlerBase.java:233)
	at com.intellij.openapi.vfs.impl.jar.JarFileSystemImpl.list(JarFileSystemImpl.java:287)
	at com.intellij.openapi.vfs.newvfs.persistent.PersistentFSImpl.a(PersistentFSImpl.java:158)
	at com.intellij.openapi.vfs.newvfs.persistent.PersistentFSImpl.listAll(PersistentFSImpl.java:219)
	at com.intellij.openapi.vfs.newvfs.impl.VirtualDirectoryImpl.getChildren(VirtualDirectoryImpl.java:478)
	at com.intellij.openapi.vfs.VfsUtilCore.visitChildrenRecursively(VfsUtilCore.java:215)
	at com.intellij.openapi.roots.impl.DirectoryIndexImpl$IndexState.b(DirectoryIndexImpl.java:848)
	at com.intellij.openapi.roots.impl.DirectoryIndexImpl$IndexState.b(DirectoryIndexImpl.java:836)
	at com.intellij.openapi.roots.impl.DirectoryIndexImpl$IndexState.a(DirectoryIndexImpl.java:1046)
	at com.intellij.openapi.roots.impl.DirectoryIndexImpl$IndexState.access$2600(DirectoryIndexImpl.java:486)
	at com.intellij.openapi.roots.impl.DirectoryIndexImpl.d(DirectoryIndexImpl.java:419)
	at com.intellij.openapi.roots.impl.DirectoryIndexImpl.access$400(DirectoryIndexImpl.java:54)
	at com.intellij.openapi.roots.impl.DirectoryIndexImpl$4.rootsChanged(DirectoryIndexImpl.java:123)
	at sun.reflect.GeneratedMethodAccessor68.invoke(Unknown Source)
	at sun.reflect.DelegatingMethodAccessorImpl.invoke(DelegatingMethodAccessorImpl.java:43)
	at java.lang.reflect.Method.invoke(Method.java:606)
	at com.intellij.util.messages.impl.MessageBusConnectionImpl.deliverMessage(MessageBusConnectionImpl.java:120)
	at com.intellij.util.messages.impl.MessageBusImpl.doPumpMessages(MessageBusImpl.java:228)
	at com.intellij.util.messages.impl.MessageBusImpl.doPumpMessages(MessageBusImpl.java:234)
	at com.intellij.util.messages.impl.MessageBusImpl.pumpMessages(MessageBusImpl.java:219)
	at com.intellij.util.messages.impl.MessageBusImpl.pumpMessages(MessageBusImpl.java:216)
	at com.intellij.util.messages.impl.MessageBusImpl.sendMessage(MessageBusImpl.java:209)
	at com.intellij.util.messages.impl.MessageBusImpl.access$000(MessageBusImpl.java:43)
	at com.intellij.util.messages.impl.MessageBusImpl$1.invoke(MessageBusImpl.java:131)
	at com.sun.proxy.$Proxy112.rootsChanged(Unknown Source)
	at com.intellij.openapi.roots.impl.ProjectRootManagerComponent.fireRootsChangedEvent(ProjectRootManagerComponent.java:207)
	at com.intellij.openapi.roots.impl.ProjectRootManagerImpl.b(ProjectRootManagerImpl.java:408)
	at com.intellij.openapi.roots.impl.ProjectRootManagerImpl.access$100(ProjectRootManagerImpl.java:55)
	at com.intellij.openapi.roots.impl.ProjectRootManagerImpl$BatchSession.a(ProjectRootManagerImpl.java:107)
	at com.intellij.openapi.roots.impl.ProjectRootManagerImpl$BatchSession.rootsChanged(ProjectRootManagerImpl.java:120)
	at com.intellij.openapi.roots.impl.ProjectRootManagerImpl.mergeRootsChangesDuring(ProjectRootManagerImpl.java:319)
	at org.jetbrains.idea.maven.importing.MavenDefaultModifiableModelsProvider.commit(MavenDefaultModifiableModelsProvider.java:109)
	at org.jetbrains.idea.maven.importing.MavenProjectImporter$1.run(MavenProjectImporter.java:131)
	at com.intellij.openapi.application.impl.ApplicationImpl.runWriteAction(ApplicationImpl.java:1013)
	at org.jetbrains.idea.maven.utils.MavenUtil$3.run(MavenUtil.java:161)
	at org.jetbrains.idea.maven.utils.MavenUtil$2.run(MavenUtil.java:151)
	at com.intellij.openapi.application.impl.LaterInvocator$1.run(LaterInvocator.java:169)
	at com.intellij.openapi.application.impl.LaterInvocator$FlushQueue.run(LaterInvocator.java:343)
	at java.awt.event.InvocationEvent.dispatch(InvocationEvent.java:251)
	at java.awt.EventQueue.dispatchEventImpl(EventQueue.java:733)
	at java.awt.EventQueue.access$200(EventQueue.java:103)
	at java.awt.EventQueue$3.run(EventQueue.java:694)
	at java.awt.EventQueue$3.run(EventQueue.java:692)
	at java.security.AccessController.doPrivileged(Native Method)
	at java.security.ProtectionDomain$1.doIntersectionPrivilege(ProtectionDomain.java:76)
	at java.awt.EventQueue.dispatchEvent(EventQueue.java:703)
	at com.intellij.ide.IdeEventQueue.d(IdeEventQueue.java:700)
	at com.intellij.ide.IdeEventQueue._dispatchEvent(IdeEventQueue.java:525)
	at com.intellij.ide.IdeEventQueue.dispatchEvent(IdeEventQueue.java:348)
	at java.awt.EventDispatchThread.pumpOneEventForFilters(EventDispatchThread.java:242)
	at java.awt.EventDispatchThread.pumpEventsForFilter(EventDispatchThread.java:161)
	at java.awt.EventDispatchThread.pumpEventsForHierarchy(EventDispatchThread.java:150)
	at java.awt.EventDispatchThread.pumpEvents(EventDispatchThread.java:146)
	at java.awt.EventDispatchThread.pumpEvents(EventDispatchThread.java:138)
	at java.awt.EventDispatchThread.run(EventDispatchThread.java:91)
[12964761]   WARN - pi.vfs.impl.jar.JarHandlerBase - error in opening zip file: /home/saad/IdeaProjects/RoutePlanner/RoutePlanner-ejb/pom.xml 
java.util.zip.ZipException: error in opening zip file
	at java.util.zip.ZipFile.$$YJP$$open(Native Method)
	at java.util.zip.ZipFile.open(ZipFile.java)
	at java.util.zip.ZipFile.<init>(ZipFile.java:215)
	at java.util.zip.ZipFile.<init>(ZipFile.java:145)
	at java.util.zip.ZipFile.<init>(ZipFile.java:159)
	at com.intellij.openapi.vfs.impl.jar.JarHandlerBase.createJarFile(JarHandlerBase.java:128)
	at com.intellij.openapi.vfs.impl.jar.JarHandlerBase.getJar(JarHandlerBase.java:114)
	at com.intellij.openapi.vfs.impl.jar.JarHandlerBase.initEntries(JarHandlerBase.java:83)
	at com.intellij.openapi.vfs.impl.jar.JarHandlerBase.getEntriesMap(JarHandlerBase.java:256)
	at com.intellij.openapi.vfs.impl.jar.JarHandlerBase.getEntryInfo(JarHandlerBase.java:251)
	at com.intellij.openapi.vfs.impl.jar.JarHandlerBase.getEntryInfo(JarHandlerBase.java:246)
	at com.intellij.openapi.vfs.impl.jar.JarHandlerBase.list(JarHandlerBase.java:230)
	at com.intellij.openapi.vfs.impl.jar.JarFileSystemImpl.list(JarFileSystemImpl.java:287)
	at com.intellij.openapi.vfs.newvfs.persistent.RefreshWorker.scan(RefreshWorker.java:113)
	at com.intellij.openapi.vfs.newvfs.RefreshSessionImpl.scan(RefreshSessionImpl.java:136)
	at com.intellij.openapi.vfs.newvfs.RefreshQueueImpl.a(RefreshQueueImpl.java:101)
	at com.intellij.openapi.vfs.newvfs.RefreshQueueImpl.execute(RefreshQueueImpl.java:54)
	at com.intellij.openapi.vfs.newvfs.RefreshSessionImpl.launch(RefreshSessionImpl.java:107)
	at com.intellij.openapi.vfs.newvfs.RefreshQueue.refresh(RefreshQueue.java:66)
	at com.intellij.openapi.vfs.newvfs.RefreshQueue.refresh(RefreshQueue.java:46)
	at com.intellij.openapi.vfs.impl.jar.JarFileSystemImpl$1$1.run(JarFileSystemImpl.java:98)
	at com.intellij.openapi.application.impl.LaterInvocator$FlushQueue.run(LaterInvocator.java:343)
	at java.awt.event.InvocationEvent.dispatch(InvocationEvent.java:251)
	at java.awt.EventQueue.dispatchEventImpl(EventQueue.java:733)
	at java.awt.EventQueue.access$200(EventQueue.java:103)
	at java.awt.EventQueue$3.run(EventQueue.java:694)
	at java.awt.EventQueue$3.run(EventQueue.java:692)
	at java.security.AccessController.doPrivileged(Native Method)
	at java.security.ProtectionDomain$1.doIntersectionPrivilege(ProtectionDomain.java:76)
	at java.awt.EventQueue.dispatchEvent(EventQueue.java:703)
	at com.intellij.ide.IdeEventQueue.d(IdeEventQueue.java:700)
	at com.intellij.ide.IdeEventQueue._dispatchEvent(IdeEventQueue.java:525)
	at com.intellij.ide.IdeEventQueue.dispatchEvent(IdeEventQueue.java:348)
	at java.awt.EventDispatchThread.pumpOneEventForFilters(EventDispatchThread.java:242)
	at java.awt.EventDispatchThread.pumpEventsForFilter(EventDispatchThread.java:161)
	at java.awt.EventDispatchThread.pumpEventsForHierarchy(EventDispatchThread.java:150)
	at java.awt.EventDispatchThread.pumpEvents(EventDispatchThread.java:146)
	at java.awt.EventDispatchThread.pumpEvents(EventDispatchThread.java:138)
	at java.awt.EventDispatchThread.run(EventDispatchThread.java:91)
[12964767]   WARN - pi.vfs.impl.jar.JarHandlerBase - error in opening zip file: /home/saad/IdeaProjects/RoutePlanner/RoutePlanner-ejb/pom.xml 
java.util.zip.ZipException: error in opening zip file
	at java.util.zip.ZipFile.$$YJP$$open(Native Method)
	at java.util.zip.ZipFile.open(ZipFile.java)
	at java.util.zip.ZipFile.<init>(ZipFile.java:215)
	at java.util.zip.ZipFile.<init>(ZipFile.java:145)
	at java.util.zip.ZipFile.<init>(ZipFile.java:159)
	at com.intellij.openapi.vfs.impl.jar.JarHandlerBase.createJarFile(JarHandlerBase.java:128)
	at com.intellij.openapi.vfs.impl.jar.JarHandlerBase.getJar(JarHandlerBase.java:114)
	at com.intellij.openapi.vfs.impl.jar.JarHandlerBase.initEntries(JarHandlerBase.java:83)
	at com.intellij.openapi.vfs.impl.jar.JarHandlerBase.getEntriesMap(JarHandlerBase.java:256)
	at com.intellij.openapi.vfs.impl.jar.JarHandlerBase.list(JarHandlerBase.java:233)
	at com.intellij.openapi.vfs.impl.jar.JarFileSystemImpl.list(JarFileSystemImpl.java:287)
	at com.intellij.openapi.vfs.newvfs.persistent.RefreshWorker.scan(RefreshWorker.java:113)
	at com.intellij.openapi.vfs.newvfs.RefreshSessionImpl.scan(RefreshSessionImpl.java:136)
	at com.intellij.openapi.vfs.newvfs.RefreshQueueImpl.a(RefreshQueueImpl.java:101)
	at com.intellij.openapi.vfs.newvfs.RefreshQueueImpl.execute(RefreshQueueImpl.java:54)
	at com.intellij.openapi.vfs.newvfs.RefreshSessionImpl.launch(RefreshSessionImpl.java:107)
	at com.intellij.openapi.vfs.newvfs.RefreshQueue.refresh(RefreshQueue.java:66)
	at com.intellij.openapi.vfs.newvfs.RefreshQueue.refresh(RefreshQueue.java:46)
	at com.intellij.openapi.vfs.impl.jar.JarFileSystemImpl$1$1.run(JarFileSystemImpl.java:98)
	at com.intellij.openapi.application.impl.LaterInvocator$FlushQueue.run(LaterInvocator.java:343)
	at java.awt.event.InvocationEvent.dispatch(InvocationEvent.java:251)
	at java.awt.EventQueue.dispatchEventImpl(EventQueue.java:733)
	at java.awt.EventQueue.access$200(EventQueue.java:103)
	at java.awt.EventQueue$3.run(EventQueue.java:694)
	at java.awt.EventQueue$3.run(EventQueue.java:692)
	at java.security.AccessController.doPrivileged(Native Method)
	at java.security.ProtectionDomain$1.doIntersectionPrivilege(ProtectionDomain.java:76)
	at java.awt.EventQueue.dispatchEvent(EventQueue.java:703)
	at com.intellij.ide.IdeEventQueue.d(IdeEventQueue.java:700)
	at com.intellij.ide.IdeEventQueue._dispatchEvent(IdeEventQueue.java:525)
	at com.intellij.ide.IdeEventQueue.dispatchEvent(IdeEventQueue.java:348)
	at java.awt.EventDispatchThread.pumpOneEventForFilters(EventDispatchThread.java:242)
	at java.awt.EventDispatchThread.pumpEventsForFilter(EventDispatchThread.java:161)
	at java.awt.EventDispatchThread.pumpEventsForHierarchy(EventDispatchThread.java:150)
	at java.awt.EventDispatchThread.pumpEvents(EventDispatchThread.java:146)
	at java.awt.EventDispatchThread.pumpEvents(EventDispatchThread.java:138)
	at java.awt.EventDispatchThread.run(EventDispatchThread.java:91)
[12967827]   WARN - pi.vfs.impl.jar.JarHandlerBase - error in opening zip file: /home/saad/IdeaProjects/RoutePlanner/RoutePlanner-ejb/pom.xml 
java.util.zip.ZipException: error in opening zip file
	at java.util.zip.ZipFile.$$YJP$$open(Native Method)
	at java.util.zip.ZipFile.open(ZipFile.java)
	at java.util.zip.ZipFile.<init>(ZipFile.java:215)
	at java.util.zip.ZipFile.<init>(ZipFile.java:145)
	at java.util.zip.ZipFile.<init>(ZipFile.java:159)
	at com.intellij.openapi.vfs.impl.jar.JarHandlerBase.createJarFile(JarHandlerBase.java:128)
	at com.intellij.openapi.vfs.impl.jar.JarHandlerBase.getJar(JarHandlerBase.java:114)
	at com.intellij.openapi.vfs.impl.jar.JarHandlerBase.initEntries(JarHandlerBase.java:83)
	at com.intellij.openapi.vfs.impl.jar.JarHandlerBase.getEntriesMap(JarHandlerBase.java:256)
	at com.intellij.openapi.vfs.impl.jar.JarHandlerBase.getEntryInfo(JarHandlerBase.java:251)
	at com.intellij.openapi.vfs.impl.jar.JarHandlerBase.getEntryInfo(JarHandlerBase.java:246)
	at com.intellij.openapi.vfs.impl.jar.JarHandlerBase.list(JarHandlerBase.java:230)
	at com.intellij.openapi.vfs.impl.jar.JarFileSystemImpl.list(JarFileSystemImpl.java:287)
	at com.intellij.openapi.vfs.newvfs.persistent.RefreshWorker.scan(RefreshWorker.java:113)
	at com.intellij.openapi.vfs.newvfs.RefreshSessionImpl.scan(RefreshSessionImpl.java:136)
	at com.intellij.openapi.vfs.newvfs.RefreshQueueImpl.a(RefreshQueueImpl.java:101)
	at com.intellij.openapi.vfs.newvfs.RefreshQueueImpl.execute(RefreshQueueImpl.java:54)
	at com.intellij.openapi.vfs.newvfs.RefreshSessionImpl.launch(RefreshSessionImpl.java:107)
	at com.intellij.openapi.vfs.newvfs.RefreshQueue.refresh(RefreshQueue.java:66)
	at com.intellij.openapi.vfs.newvfs.RefreshQueue.refresh(RefreshQueue.java:46)
	at com.intellij.openapi.vfs.impl.jar.JarFileSystemImpl$1$1.run(JarFileSystemImpl.java:98)
	at com.intellij.openapi.application.impl.LaterInvocator$FlushQueue.run(LaterInvocator.java:343)
	at java.awt.event.InvocationEvent.dispatch(InvocationEvent.java:251)
	at java.awt.EventQueue.dispatchEventImpl(EventQueue.java:733)
	at java.awt.EventQueue.access$200(EventQueue.java:103)
	at java.awt.EventQueue$3.run(EventQueue.java:694)
	at java.awt.EventQueue$3.run(EventQueue.java:692)
	at java.security.AccessController.doPrivileged(Native Method)
	at java.security.ProtectionDomain$1.doIntersectionPrivilege(ProtectionDomain.java:76)
	at java.awt.EventQueue.dispatchEvent(EventQueue.java:703)
	at com.intellij.ide.IdeEventQueue.d(IdeEventQueue.java:700)
	at com.intellij.ide.IdeEventQueue._dispatchEvent(IdeEventQueue.java:525)
	at com.intellij.ide.IdeEventQueue.dispatchEvent(IdeEventQueue.java:348)
	at java.awt.EventDispatchThread.pumpOneEventForFilters(EventDispatchThread.java:242)
	at java.awt.EventDispatchThread.pumpEventsForFilter(EventDispatchThread.java:161)
	at java.awt.EventDispatchThread.pumpEventsForHierarchy(EventDispatchThread.java:150)
	at java.awt.EventDispatchThread.pumpEvents(EventDispatchThread.java:146)
	at java.awt.EventDispatchThread.pumpEvents(EventDispatchThread.java:138)
	at java.awt.EventDispatchThread.run(EventDispatchThread.java:91)
[12967830]   WARN - pi.vfs.impl.jar.JarHandlerBase - error in opening zip file: /home/saad/IdeaProjects/RoutePlanner/RoutePlanner-ejb/pom.xml 
java.util.zip.ZipException: error in opening zip file
	at java.util.zip.ZipFile.$$YJP$$open(Native Method)
	at java.util.zip.ZipFile.open(ZipFile.java)
	at java.util.zip.ZipFile.<init>(ZipFile.java:215)
	at java.util.zip.ZipFile.<init>(ZipFile.java:145)
	at java.util.zip.ZipFile.<init>(ZipFile.java:159)
	at com.intellij.openapi.vfs.impl.jar.JarHandlerBase.createJarFile(JarHandlerBase.java:128)
	at com.intellij.openapi.vfs.impl.jar.JarHandlerBase.getJar(JarHandlerBase.java:114)
	at com.intellij.openapi.vfs.impl.jar.JarHandlerBase.initEntries(JarHandlerBase.java:83)
	at com.intellij.openapi.vfs.impl.jar.JarHandlerBase.getEntriesMap(JarHandlerBase.java:256)
	at com.intellij.openapi.vfs.impl.jar.JarHandlerBase.list(JarHandlerBase.java:233)
	at com.intellij.openapi.vfs.impl.jar.JarFileSystemImpl.list(JarFileSystemImpl.java:287)
	at com.intellij.openapi.vfs.newvfs.persistent.RefreshWorker.scan(RefreshWorker.java:113)
	at com.intellij.openapi.vfs.newvfs.RefreshSessionImpl.scan(RefreshSessionImpl.java:136)
	at com.intellij.openapi.vfs.newvfs.RefreshQueueImpl.a(RefreshQueueImpl.java:101)
	at com.intellij.openapi.vfs.newvfs.RefreshQueueImpl.execute(RefreshQueueImpl.java:54)
	at com.intellij.openapi.vfs.newvfs.RefreshSessionImpl.launch(RefreshSessionImpl.java:107)
	at com.intellij.openapi.vfs.newvfs.RefreshQueue.refresh(RefreshQueue.java:66)
	at com.intellij.openapi.vfs.newvfs.RefreshQueue.refresh(RefreshQueue.java:46)
	at com.intellij.openapi.vfs.impl.jar.JarFileSystemImpl$1$1.run(JarFileSystemImpl.java:98)
	at com.intellij.openapi.application.impl.LaterInvocator$FlushQueue.run(LaterInvocator.java:343)
	at java.awt.event.InvocationEvent.dispatch(InvocationEvent.java:251)
	at java.awt.EventQueue.dispatchEventImpl(EventQueue.java:733)
	at java.awt.EventQueue.access$200(EventQueue.java:103)
	at java.awt.EventQueue$3.run(EventQueue.java:694)
	at java.awt.EventQueue$3.run(EventQueue.java:692)
	at java.security.AccessController.doPrivileged(Native Method)
	at java.security.ProtectionDomain$1.doIntersectionPrivilege(ProtectionDomain.java:76)
	at java.awt.EventQueue.dispatchEvent(EventQueue.java:703)
	at com.intellij.ide.IdeEventQueue.d(IdeEventQueue.java:700)
	at com.intellij.ide.IdeEventQueue._dispatchEvent(IdeEventQueue.java:525)
	at com.intellij.ide.IdeEventQueue.dispatchEvent(IdeEventQueue.java:348)
	at java.awt.EventDispatchThread.pumpOneEventForFilters(EventDispatchThread.java:242)
	at java.awt.EventDispatchThread.pumpEventsForFilter(EventDispatchThread.java:161)
	at java.awt.EventDispatchThread.pumpEventsForHierarchy(EventDispatchThread.java:150)
	at java.awt.EventDispatchThread.pumpEvents(EventDispatchThread.java:146)
	at java.awt.EventDispatchThread.pumpEvents(EventDispatchThread.java:138)
	at java.awt.EventDispatchThread.run(EventDispatchThread.java:91)
[12970828]   WARN - pi.vfs.impl.jar.JarHandlerBase - error in opening zip file: /home/saad/IdeaProjects/RoutePlanner/RoutePlanner-ejb/pom.xml 
java.util.zip.ZipException: error in opening zip file
	at java.util.zip.ZipFile.$$YJP$$open(Native Method)
	at java.util.zip.ZipFile.open(ZipFile.java)
	at java.util.zip.ZipFile.<init>(ZipFile.java:215)
	at java.util.zip.ZipFile.<init>(ZipFile.java:145)
	at java.util.zip.ZipFile.<init>(ZipFile.java:159)
	at com.intellij.openapi.vfs.impl.jar.JarHandlerBase.createJarFile(JarHandlerBase.java:128)
	at com.intellij.openapi.vfs.impl.jar.JarHandlerBase.getJar(JarHandlerBase.java:114)
	at com.intellij.openapi.vfs.impl.jar.JarHandlerBase.initEntries(JarHandlerBase.java:83)
	at com.intellij.openapi.vfs.impl.jar.JarHandlerBase.getEntriesMap(JarHandlerBase.java:256)
	at com.intellij.openapi.vfs.impl.jar.JarHandlerBase.getEntryInfo(JarHandlerBase.java:251)
	at com.intellij.openapi.vfs.impl.jar.JarHandlerBase.getEntryInfo(JarHandlerBase.java:246)
	at com.intellij.openapi.vfs.impl.jar.JarHandlerBase.list(JarHandlerBase.java:230)
	at com.intellij.openapi.vfs.impl.jar.JarFileSystemImpl.list(JarFileSystemImpl.java:287)
	at com.intellij.openapi.vfs.newvfs.persistent.RefreshWorker.scan(RefreshWorker.java:113)
	at com.intellij.openapi.vfs.newvfs.RefreshSessionImpl.scan(RefreshSessionImpl.java:136)
	at com.intellij.openapi.vfs.newvfs.RefreshQueueImpl.a(RefreshQueueImpl.java:101)
	at com.intellij.openapi.vfs.newvfs.RefreshQueueImpl.execute(RefreshQueueImpl.java:54)
	at com.intellij.openapi.vfs.newvfs.RefreshSessionImpl.launch(RefreshSessionImpl.java:107)
	at com.intellij.openapi.vfs.newvfs.RefreshQueue.refresh(RefreshQueue.java:66)
	at com.intellij.openapi.vfs.newvfs.RefreshQueue.refresh(RefreshQueue.java:46)
	at com.intellij.openapi.vfs.impl.jar.JarFileSystemImpl$1$1.run(JarFileSystemImpl.java:98)
	at com.intellij.openapi.application.impl.LaterInvocator$FlushQueue.run(LaterInvocator.java:343)
	at java.awt.event.InvocationEvent.dispatch(InvocationEvent.java:251)
	at java.awt.EventQueue.dispatchEventImpl(EventQueue.java:733)
	at java.awt.EventQueue.access$200(EventQueue.java:103)
	at java.awt.EventQueue$3.run(EventQueue.java:694)
	at java.awt.EventQueue$3.run(EventQueue.java:692)
	at java.security.AccessController.doPrivileged(Native Method)
	at java.security.ProtectionDomain$1.doIntersectionPrivilege(ProtectionDomain.java:76)
	at java.awt.EventQueue.dispatchEvent(EventQueue.java:703)
	at com.intellij.ide.IdeEventQueue.d(IdeEventQueue.java:700)
	at com.intellij.ide.IdeEventQueue._dispatchEvent(IdeEventQueue.java:525)
	at com.intellij.ide.IdeEventQueue.dispatchEvent(IdeEventQueue.java:348)
	at java.awt.EventDispatchThread.pumpOneEventForFilters(EventDispatchThread.java:242)
	at java.awt.EventDispatchThread.pumpEventsForFilter(EventDispatchThread.java:161)
	at java.awt.EventDispatchThread.pumpEventsForHierarchy(EventDispatchThread.java:150)
	at java.awt.EventDispatchThread.pumpEvents(EventDispatchThread.java:146)
	at java.awt.EventDispatchThread.pumpEvents(EventDispatchThread.java:138)
	at java.awt.EventDispatchThread.run(EventDispatchThread.java:91)
[12970830]   WARN - pi.vfs.impl.jar.JarHandlerBase - error in opening zip file: /home/saad/IdeaProjects/RoutePlanner/RoutePlanner-ejb/pom.xml 
java.util.zip.ZipException: error in opening zip file
	at java.util.zip.ZipFile.$$YJP$$open(Native Method)
	at java.util.zip.ZipFile.open(ZipFile.java)
	at java.util.zip.ZipFile.<init>(ZipFile.java:215)
	at java.util.zip.ZipFile.<init>(ZipFile.java:145)
	at java.util.zip.ZipFile.<init>(ZipFile.java:159)
	at com.intellij.openapi.vfs.impl.jar.JarHandlerBase.createJarFile(JarHandlerBase.java:128)
	at com.intellij.openapi.vfs.impl.jar.JarHandlerBase.getJar(JarHandlerBase.java:114)
	at com.intellij.openapi.vfs.impl.jar.JarHandlerBase.initEntries(JarHandlerBase.java:83)
	at com.intellij.openapi.vfs.impl.jar.JarHandlerBase.getEntriesMap(JarHandlerBase.java:256)
	at com.intellij.openapi.vfs.impl.jar.JarHandlerBase.list(JarHandlerBase.java:233)
	at com.intellij.openapi.vfs.impl.jar.JarFileSystemImpl.list(JarFileSystemImpl.java:287)
	at com.intellij.openapi.vfs.newvfs.persistent.RefreshWorker.scan(RefreshWorker.java:113)
	at com.intellij.openapi.vfs.newvfs.RefreshSessionImpl.scan(RefreshSessionImpl.java:136)
	at com.intellij.openapi.vfs.newvfs.RefreshQueueImpl.a(RefreshQueueImpl.java:101)
	at com.intellij.openapi.vfs.newvfs.RefreshQueueImpl.execute(RefreshQueueImpl.java:54)
	at com.intellij.openapi.vfs.newvfs.RefreshSessionImpl.launch(RefreshSessionImpl.java:107)
	at com.intellij.openapi.vfs.newvfs.RefreshQueue.refresh(RefreshQueue.java:66)
	at com.intellij.openapi.vfs.newvfs.RefreshQueue.refresh(RefreshQueue.java:46)
	at com.intellij.openapi.vfs.impl.jar.JarFileSystemImpl$1$1.run(JarFileSystemImpl.java:98)
	at com.intellij.openapi.application.impl.LaterInvocator$FlushQueue.run(LaterInvocator.java:343)
	at java.awt.event.InvocationEvent.dispatch(InvocationEvent.java:251)
	at java.awt.EventQueue.dispatchEventImpl(EventQueue.java:733)
	at java.awt.EventQueue.access$200(EventQueue.java:103)
	at java.awt.EventQueue$3.run(EventQueue.java:694)
	at java.awt.EventQueue$3.run(EventQueue.java:692)
	at java.security.AccessController.doPrivileged(Native Method)
	at java.security.ProtectionDomain$1.doIntersectionPrivilege(ProtectionDomain.java:76)
	at java.awt.EventQueue.dispatchEvent(EventQueue.java:703)
	at com.intellij.ide.IdeEventQueue.d(IdeEventQueue.java:700)
	at com.intellij.ide.IdeEventQueue._dispatchEvent(IdeEventQueue.java:525)
	at com.intellij.ide.IdeEventQueue.dispatchEvent(IdeEventQueue.java:348)
	at java.awt.EventDispatchThread.pumpOneEventForFilters(EventDispatchThread.java:242)
	at java.awt.EventDispatchThread.pumpEventsForFilter(EventDispatchThread.java:161)
	at java.awt.EventDispatchThread.pumpEventsForHierarchy(EventDispatchThread.java:150)
	at java.awt.EventDispatchThread.pumpEvents(EventDispatchThread.java:146)
	at java.awt.EventDispatchThread.pumpEvents(EventDispatchThread.java:138)
	at java.awt.EventDispatchThread.run(EventDispatchThread.java:91)
[12975166]   WARN - pi.vfs.impl.jar.JarHandlerBase - error in opening zip file: /home/saad/IdeaProjects/RoutePlanner/RoutePlanner-ejb/pom.xml 
java.util.zip.ZipException: error in opening zip file
	at java.util.zip.ZipFile.$$YJP$$open(Native Method)
	at java.util.zip.ZipFile.open(ZipFile.java)
	at java.util.zip.ZipFile.<init>(ZipFile.java:215)
	at java.util.zip.ZipFile.<init>(ZipFile.java:145)
	at java.util.zip.ZipFile.<init>(ZipFile.java:159)
	at com.intellij.openapi.vfs.impl.jar.JarHandlerBase.createJarFile(JarHandlerBase.java:128)
	at com.intellij.openapi.vfs.impl.jar.JarHandlerBase.getJar(JarHandlerBase.java:114)
	at com.intellij.openapi.vfs.impl.jar.JarHandlerBase.initEntries(JarHandlerBase.java:83)
	at com.intellij.openapi.vfs.impl.jar.JarHandlerBase.getEntriesMap(JarHandlerBase.java:256)
	at com.intellij.openapi.vfs.impl.jar.JarHandlerBase.getEntryInfo(JarHandlerBase.java:251)
	at com.intellij.openapi.vfs.impl.jar.JarHandlerBase.getEntryInfo(JarHandlerBase.java:246)
	at com.intellij.openapi.vfs.impl.jar.JarHandlerBase.list(JarHandlerBase.java:230)
	at com.intellij.openapi.vfs.impl.jar.JarFileSystemImpl.list(JarFileSystemImpl.java:287)
	at com.intellij.openapi.vfs.newvfs.persistent.RefreshWorker.scan(RefreshWorker.java:113)
	at com.intellij.openapi.vfs.newvfs.RefreshSessionImpl.scan(RefreshSessionImpl.java:136)
	at com.intellij.openapi.vfs.newvfs.RefreshQueueImpl.a(RefreshQueueImpl.java:101)
	at com.intellij.openapi.vfs.newvfs.RefreshQueueImpl.execute(RefreshQueueImpl.java:54)
	at com.intellij.openapi.vfs.newvfs.RefreshSessionImpl.launch(RefreshSessionImpl.java:107)
	at com.intellij.openapi.vfs.newvfs.RefreshQueue.refresh(RefreshQueue.java:66)
	at com.intellij.openapi.vfs.newvfs.RefreshQueue.refresh(RefreshQueue.java:46)
	at com.intellij.openapi.vfs.impl.jar.JarFileSystemImpl$1$1.run(JarFileSystemImpl.java:98)
	at com.intellij.openapi.application.impl.LaterInvocator$FlushQueue.run(LaterInvocator.java:343)
	at java.awt.event.InvocationEvent.dispatch(InvocationEvent.java:251)
	at java.awt.EventQueue.dispatchEventImpl(EventQueue.java:733)
	at java.awt.EventQueue.access$200(EventQueue.java:103)
	at java.awt.EventQueue$3.run(EventQueue.java:694)
	at java.awt.EventQueue$3.run(EventQueue.java:692)
	at java.security.AccessController.doPrivileged(Native Method)
	at java.security.ProtectionDomain$1.doIntersectionPrivilege(ProtectionDomain.java:76)
	at java.awt.EventQueue.dispatchEvent(EventQueue.java:703)
	at com.intellij.ide.IdeEventQueue.d(IdeEventQueue.java:700)
	at com.intellij.ide.IdeEventQueue._dispatchEvent(IdeEventQueue.java:525)
	at com.intellij.ide.IdeEventQueue.dispatchEvent(IdeEventQueue.java:348)
	at java.awt.EventDispatchThread.pumpOneEventForFilters(EventDispatchThread.java:242)
	at java.awt.EventDispatchThread.pumpEventsForFilter(EventDispatchThread.java:161)
	at java.awt.EventDispatchThread.pumpEventsForHierarchy(EventDispatchThread.java:150)
	at java.awt.EventDispatchThread.pumpEvents(EventDispatchThread.java:146)
	at java.awt.EventDispatchThread.pumpEvents(EventDispatchThread.java:138)
	at java.awt.EventDispatchThread.run(EventDispatchThread.java:91)
[12975172]   WARN - pi.vfs.impl.jar.JarHandlerBase - error in opening zip file: /home/saad/IdeaProjects/RoutePlanner/RoutePlanner-ejb/pom.xml 
java.util.zip.ZipException: error in opening zip file
	at java.util.zip.ZipFile.$$YJP$$open(Native Method)
	at java.util.zip.ZipFile.open(ZipFile.java)
	at java.util.zip.ZipFile.<init>(ZipFile.java:215)
	at java.util.zip.ZipFile.<init>(ZipFile.java:145)
	at java.util.zip.ZipFile.<init>(ZipFile.java:159)
	at com.intellij.openapi.vfs.impl.jar.JarHandlerBase.createJarFile(JarHandlerBase.java:128)
	at com.intellij.openapi.vfs.impl.jar.JarHandlerBase.getJar(JarHandlerBase.java:114)
	at com.intellij.openapi.vfs.impl.jar.JarHandlerBase.initEntries(JarHandlerBase.java:83)
	at com.intellij.openapi.vfs.impl.jar.JarHandlerBase.getEntriesMap(JarHandlerBase.java:256)
	at com.intellij.openapi.vfs.impl.jar.JarHandlerBase.list(JarHandlerBase.java:233)
	at com.intellij.openapi.vfs.impl.jar.JarFileSystemImpl.list(JarFileSystemImpl.java:287)
	at com.intellij.openapi.vfs.newvfs.persistent.RefreshWorker.scan(RefreshWorker.java:113)
	at com.intellij.openapi.vfs.newvfs.RefreshSessionImpl.scan(RefreshSessionImpl.java:136)
	at com.intellij.openapi.vfs.newvfs.RefreshQueueImpl.a(RefreshQueueImpl.java:101)
	at com.intellij.openapi.vfs.newvfs.RefreshQueueImpl.execute(RefreshQueueImpl.java:54)
	at com.intellij.openapi.vfs.newvfs.RefreshSessionImpl.launch(RefreshSessionImpl.java:107)
	at com.intellij.openapi.vfs.newvfs.RefreshQueue.refresh(RefreshQueue.java:66)
	at com.intellij.openapi.vfs.newvfs.RefreshQueue.refresh(RefreshQueue.java:46)
	at com.intellij.openapi.vfs.impl.jar.JarFileSystemImpl$1$1.run(JarFileSystemImpl.java:98)
	at com.intellij.openapi.application.impl.LaterInvocator$FlushQueue.run(LaterInvocator.java:343)
	at java.awt.event.InvocationEvent.dispatch(InvocationEvent.java:251)
	at java.awt.EventQueue.dispatchEventImpl(EventQueue.java:733)
	at java.awt.EventQueue.access$200(EventQueue.java:103)
	at java.awt.EventQueue$3.run(EventQueue.java:694)
	at java.awt.EventQueue$3.run(EventQueue.java:692)
	at java.security.AccessController.doPrivileged(Native Method)
	at java.security.ProtectionDomain$1.doIntersectionPrivilege(ProtectionDomain.java:76)
	at java.awt.EventQueue.dispatchEvent(EventQueue.java:703)
	at com.intellij.ide.IdeEventQueue.d(IdeEventQueue.java:700)
	at com.intellij.ide.IdeEventQueue._dispatchEvent(IdeEventQueue.java:525)
	at com.intellij.ide.IdeEventQueue.dispatchEvent(IdeEventQueue.java:348)
	at java.awt.EventDispatchThread.pumpOneEventForFilters(EventDispatchThread.java:242)
	at java.awt.EventDispatchThread.pumpEventsForFilter(EventDispatchThread.java:161)
	at java.awt.EventDispatchThread.pumpEventsForHierarchy(EventDispatchThread.java:150)
	at java.awt.EventDispatchThread.pumpEvents(EventDispatchThread.java:146)
	at java.awt.EventDispatchThread.pumpEvents(EventDispatchThread.java:138)
	at java.awt.EventDispatchThread.run(EventDispatchThread.java:91)
[12980706]   WARN - pi.vfs.impl.jar.JarHandlerBase - error in opening zip file: /home/saad/IdeaProjects/RoutePlanner/RoutePlanner-ejb/pom.xml 
java.util.zip.ZipException: error in opening zip file
	at java.util.zip.ZipFile.$$YJP$$open(Native Method)
	at java.util.zip.ZipFile.open(ZipFile.java)
	at java.util.zip.ZipFile.<init>(ZipFile.java:215)
	at java.util.zip.ZipFile.<init>(ZipFile.java:145)
	at java.util.zip.ZipFile.<init>(ZipFile.java:159)
	at com.intellij.openapi.vfs.impl.jar.JarHandlerBase.createJarFile(JarHandlerBase.java:128)
	at com.intellij.openapi.vfs.impl.jar.JarHandlerBase.getJar(JarHandlerBase.java:114)
	at com.intellij.openapi.vfs.impl.jar.JarHandlerBase.initEntries(JarHandlerBase.java:83)
	at com.intellij.openapi.vfs.impl.jar.JarHandlerBase.getEntriesMap(JarHandlerBase.java:256)
	at com.intellij.openapi.vfs.impl.jar.JarHandlerBase.getEntryInfo(JarHandlerBase.java:251)
	at com.intellij.openapi.vfs.impl.jar.JarHandlerBase.getEntryInfo(JarHandlerBase.java:246)
	at com.intellij.openapi.vfs.impl.jar.JarHandlerBase.list(JarHandlerBase.java:230)
	at com.intellij.openapi.vfs.impl.jar.JarFileSystemImpl.list(JarFileSystemImpl.java:287)
	at com.intellij.openapi.vfs.newvfs.persistent.RefreshWorker.scan(RefreshWorker.java:113)
	at com.intellij.openapi.vfs.newvfs.RefreshSessionImpl.scan(RefreshSessionImpl.java:136)
	at com.intellij.openapi.vfs.newvfs.RefreshQueueImpl.a(RefreshQueueImpl.java:101)
	at com.intellij.openapi.vfs.newvfs.RefreshQueueImpl.execute(RefreshQueueImpl.java:54)
	at com.intellij.openapi.vfs.newvfs.RefreshSessionImpl.launch(RefreshSessionImpl.java:107)
	at com.intellij.openapi.vfs.newvfs.RefreshQueue.refresh(RefreshQueue.java:66)
	at com.intellij.openapi.vfs.newvfs.RefreshQueue.refresh(RefreshQueue.java:46)
	at com.intellij.openapi.vfs.impl.jar.JarFileSystemImpl$1$1.run(JarFileSystemImpl.java:98)
	at com.intellij.openapi.application.impl.LaterInvocator$FlushQueue.run(LaterInvocator.java:343)
	at java.awt.event.InvocationEvent.dispatch(InvocationEvent.java:251)
	at java.awt.EventQueue.dispatchEventImpl(EventQueue.java:733)
	at java.awt.EventQueue.access$200(EventQueue.java:103)
	at java.awt.EventQueue$3.run(EventQueue.java:694)
	at java.awt.EventQueue$3.run(EventQueue.java:692)
	at java.security.AccessController.doPrivileged(Native Method)
	at java.security.ProtectionDomain$1.doIntersectionPrivilege(ProtectionDomain.java:76)
	at java.awt.EventQueue.dispatchEvent(EventQueue.java:703)
	at com.intellij.ide.IdeEventQueue.d(IdeEventQueue.java:700)
	at com.intellij.ide.IdeEventQueue._dispatchEvent(IdeEventQueue.java:525)
	at com.intellij.ide.IdeEventQueue.dispatchEvent(IdeEventQueue.java:348)
	at java.awt.EventDispatchThread.pumpOneEventForFilters(EventDispatchThread.java:242)
	at java.awt.EventDispatchThread.pumpEventsForFilter(EventDispatchThread.java:161)
	at java.awt.EventDispatchThread.pumpEventsForHierarchy(EventDispatchThread.java:150)
	at java.awt.EventDispatchThread.pumpEvents(EventDispatchThread.java:146)
	at java.awt.EventDispatchThread.pumpEvents(EventDispatchThread.java:138)
	at java.awt.EventDispatchThread.run(EventDispatchThread.java:91)
[12980709]   WARN - pi.vfs.impl.jar.JarHandlerBase - error in opening zip file: /home/saad/IdeaProjects/RoutePlanner/RoutePlanner-ejb/pom.xml 
java.util.zip.ZipException: error in opening zip file
	at java.util.zip.ZipFile.$$YJP$$open(Native Method)
	at java.util.zip.ZipFile.open(ZipFile.java)
	at java.util.zip.ZipFile.<init>(ZipFile.java:215)
	at java.util.zip.ZipFile.<init>(ZipFile.java:145)
	at java.util.zip.ZipFile.<init>(ZipFile.java:159)
	at com.intellij.openapi.vfs.impl.jar.JarHandlerBase.createJarFile(JarHandlerBase.java:128)
	at com.intellij.openapi.vfs.impl.jar.JarHandlerBase.getJar(JarHandlerBase.java:114)
	at com.intellij.openapi.vfs.impl.jar.JarHandlerBase.initEntries(JarHandlerBase.java:83)
	at com.intellij.openapi.vfs.impl.jar.JarHandlerBase.getEntriesMap(JarHandlerBase.java:256)
	at com.intellij.openapi.vfs.impl.jar.JarHandlerBase.list(JarHandlerBase.java:233)
	at com.intellij.openapi.vfs.impl.jar.JarFileSystemImpl.list(JarFileSystemImpl.java:287)
	at com.intellij.openapi.vfs.newvfs.persistent.RefreshWorker.scan(RefreshWorker.java:113)
	at com.intellij.openapi.vfs.newvfs.RefreshSessionImpl.scan(RefreshSessionImpl.java:136)
	at com.intellij.openapi.vfs.newvfs.RefreshQueueImpl.a(RefreshQueueImpl.java:101)
	at com.intellij.openapi.vfs.newvfs.RefreshQueueImpl.execute(RefreshQueueImpl.java:54)
	at com.intellij.openapi.vfs.newvfs.RefreshSessionImpl.launch(RefreshSessionImpl.java:107)
	at com.intellij.openapi.vfs.newvfs.RefreshQueue.refresh(RefreshQueue.java:66)
	at com.intellij.openapi.vfs.newvfs.RefreshQueue.refresh(RefreshQueue.java:46)
	at com.intellij.openapi.vfs.impl.jar.JarFileSystemImpl$1$1.run(JarFileSystemImpl.java:98)
	at com.intellij.openapi.application.impl.LaterInvocator$FlushQueue.run(LaterInvocator.java:343)
	at java.awt.event.InvocationEvent.dispatch(InvocationEvent.java:251)
	at java.awt.EventQueue.dispatchEventImpl(EventQueue.java:733)
	at java.awt.EventQueue.access$200(EventQueue.java:103)
	at java.awt.EventQueue$3.run(EventQueue.java:694)
	at java.awt.EventQueue$3.run(EventQueue.java:692)
	at java.security.AccessController.doPrivileged(Native Method)
	at java.security.ProtectionDomain$1.doIntersectionPrivilege(ProtectionDomain.java:76)
	at java.awt.EventQueue.dispatchEvent(EventQueue.java:703)
	at com.intellij.ide.IdeEventQueue.d(IdeEventQueue.java:700)
	at com.intellij.ide.IdeEventQueue._dispatchEvent(IdeEventQueue.java:525)
	at com.intellij.ide.IdeEventQueue.dispatchEvent(IdeEventQueue.java:348)
	at java.awt.EventDispatchThread.pumpOneEventForFilters(EventDispatchThread.java:242)
	at java.awt.EventDispatchThread.pumpEventsForFilter(EventDispatchThread.java:161)
	at java.awt.EventDispatchThread.pumpEventsForHierarchy(EventDispatchThread.java:150)
	at java.awt.EventDispatchThread.pumpEvents(EventDispatchThread.java:146)
	at java.awt.EventDispatchThread.pumpEvents(EventDispatchThread.java:138)
	at java.awt.EventDispatchThread.run(EventDispatchThread.java:91)
[12986499]   WARN - pi.vfs.impl.jar.JarHandlerBase - error in opening zip file: /home/saad/IdeaProjects/RoutePlanner/RoutePlanner-ejb/pom.xml 
java.util.zip.ZipException: error in opening zip file
	at java.util.zip.ZipFile.$$YJP$$open(Native Method)
	at java.util.zip.ZipFile.open(ZipFile.java)
	at java.util.zip.ZipFile.<init>(ZipFile.java:215)
	at java.util.zip.ZipFile.<init>(ZipFile.java:145)
	at java.util.zip.ZipFile.<init>(ZipFile.java:159)
	at com.intellij.openapi.vfs.impl.jar.JarHandlerBase.createJarFile(JarHandlerBase.java:128)
	at com.intellij.openapi.vfs.impl.jar.JarHandlerBase.getJar(JarHandlerBase.java:114)
	at com.intellij.openapi.vfs.impl.jar.JarHandlerBase.initEntries(JarHandlerBase.java:83)
	at com.intellij.openapi.vfs.impl.jar.JarHandlerBase.getEntriesMap(JarHandlerBase.java:256)
	at com.intellij.openapi.vfs.impl.jar.JarHandlerBase.getEntryInfo(JarHandlerBase.java:251)
	at com.intellij.openapi.vfs.impl.jar.JarHandlerBase.getEntryInfo(JarHandlerBase.java:246)
	at com.intellij.openapi.vfs.impl.jar.JarHandlerBase.list(JarHandlerBase.java:230)
	at com.intellij.openapi.vfs.impl.jar.JarFileSystemImpl.list(JarFileSystemImpl.java:287)
	at com.intellij.openapi.vfs.newvfs.persistent.RefreshWorker.scan(RefreshWorker.java:113)
	at com.intellij.openapi.vfs.newvfs.RefreshSessionImpl.scan(RefreshSessionImpl.java:136)
	at com.intellij.openapi.vfs.newvfs.RefreshQueueImpl.a(RefreshQueueImpl.java:101)
	at com.intellij.openapi.vfs.newvfs.RefreshQueueImpl.execute(RefreshQueueImpl.java:54)
	at com.intellij.openapi.vfs.newvfs.RefreshSessionImpl.launch(RefreshSessionImpl.java:107)
	at com.intellij.openapi.vfs.newvfs.RefreshQueue.refresh(RefreshQueue.java:66)
	at com.intellij.openapi.vfs.newvfs.RefreshQueue.refresh(RefreshQueue.java:46)
	at com.intellij.openapi.vfs.impl.jar.JarFileSystemImpl$1$1.run(JarFileSystemImpl.java:98)
	at com.intellij.openapi.application.impl.LaterInvocator$FlushQueue.run(LaterInvocator.java:343)
	at java.awt.event.InvocationEvent.dispatch(InvocationEvent.java:251)
	at java.awt.EventQueue.dispatchEventImpl(EventQueue.java:733)
	at java.awt.EventQueue.access$200(EventQueue.java:103)
	at java.awt.EventQueue$3.run(EventQueue.java:694)
	at java.awt.EventQueue$3.run(EventQueue.java:692)
	at java.security.AccessController.doPrivileged(Native Method)
	at java.security.ProtectionDomain$1.doIntersectionPrivilege(ProtectionDomain.java:76)
	at java.awt.EventQueue.dispatchEvent(EventQueue.java:703)
	at com.intellij.ide.IdeEventQueue.d(IdeEventQueue.java:700)
	at com.intellij.ide.IdeEventQueue._dispatchEvent(IdeEventQueue.java:525)
	at com.intellij.ide.IdeEventQueue.dispatchEvent(IdeEventQueue.java:348)
	at java.awt.EventDispatchThread.pumpOneEventForFilters(EventDispatchThread.java:242)
	at java.awt.EventDispatchThread.pumpEventsForFilter(EventDispatchThread.java:161)
	at java.awt.EventDispatchThread.pumpEventsForHierarchy(EventDispatchThread.java:150)
	at java.awt.EventDispatchThread.pumpEvents(EventDispatchThread.java:146)
	at java.awt.EventDispatchThread.pumpEvents(EventDispatchThread.java:138)
	at java.awt.EventDispatchThread.run(EventDispatchThread.java:91)
[12986505]   WARN - pi.vfs.impl.jar.JarHandlerBase - error in opening zip file: /home/saad/IdeaProjects/RoutePlanner/RoutePlanner-ejb/pom.xml 
java.util.zip.ZipException: error in opening zip file
	at java.util.zip.ZipFile.$$YJP$$open(Native Method)
	at java.util.zip.ZipFile.open(ZipFile.java)
	at java.util.zip.ZipFile.<init>(ZipFile.java:215)
	at java.util.zip.ZipFile.<init>(ZipFile.java:145)
	at java.util.zip.ZipFile.<init>(ZipFile.java:159)
	at com.intellij.openapi.vfs.impl.jar.JarHandlerBase.createJarFile(JarHandlerBase.java:128)
	at com.intellij.openapi.vfs.impl.jar.JarHandlerBase.getJar(JarHandlerBase.java:114)
	at com.intellij.openapi.vfs.impl.jar.JarHandlerBase.initEntries(JarHandlerBase.java:83)
	at com.intellij.openapi.vfs.impl.jar.JarHandlerBase.getEntriesMap(JarHandlerBase.java:256)
	at com.intellij.openapi.vfs.impl.jar.JarHandlerBase.list(JarHandlerBase.java:233)
	at com.intellij.openapi.vfs.impl.jar.JarFileSystemImpl.list(JarFileSystemImpl.java:287)
	at com.intellij.openapi.vfs.newvfs.persistent.RefreshWorker.scan(RefreshWorker.java:113)
	at com.intellij.openapi.vfs.newvfs.RefreshSessionImpl.scan(RefreshSessionImpl.java:136)
	at com.intellij.openapi.vfs.newvfs.RefreshQueueImpl.a(RefreshQueueImpl.java:101)
	at com.intellij.openapi.vfs.newvfs.RefreshQueueImpl.execute(RefreshQueueImpl.java:54)
	at com.intellij.openapi.vfs.newvfs.RefreshSessionImpl.launch(RefreshSessionImpl.java:107)
	at com.intellij.openapi.vfs.newvfs.RefreshQueue.refresh(RefreshQueue.java:66)
	at com.intellij.openapi.vfs.newvfs.RefreshQueue.refresh(RefreshQueue.java:46)
	at com.intellij.openapi.vfs.impl.jar.JarFileSystemImpl$1$1.run(JarFileSystemImpl.java:98)
	at com.intellij.openapi.application.impl.LaterInvocator$FlushQueue.run(LaterInvocator.java:343)
	at java.awt.event.InvocationEvent.dispatch(InvocationEvent.java:251)
	at java.awt.EventQueue.dispatchEventImpl(EventQueue.java:733)
	at java.awt.EventQueue.access$200(EventQueue.java:103)
	at java.awt.EventQueue$3.run(EventQueue.java:694)
	at java.awt.EventQueue$3.run(EventQueue.java:692)
	at java.security.AccessController.doPrivileged(Native Method)
	at java.security.ProtectionDomain$1.doIntersectionPrivilege(ProtectionDomain.java:76)
	at java.awt.EventQueue.dispatchEvent(EventQueue.java:703)
	at com.intellij.ide.IdeEventQueue.d(IdeEventQueue.java:700)
	at com.intellij.ide.IdeEventQueue._dispatchEvent(IdeEventQueue.java:525)
	at com.intellij.ide.IdeEventQueue.dispatchEvent(IdeEventQueue.java:348)
	at java.awt.EventDispatchThread.pumpOneEventForFilters(EventDispatchThread.java:242)
	at java.awt.EventDispatchThread.pumpEventsForFilter(EventDispatchThread.java:161)
	at java.awt.EventDispatchThread.pumpEventsForHierarchy(EventDispatchThread.java:150)
	at java.awt.EventDispatchThread.pumpEvents(EventDispatchThread.java:146)
	at java.awt.EventDispatchThread.pumpEvents(EventDispatchThread.java:138)
	at java.awt.EventDispatchThread.run(EventDispatchThread.java:91)
