2013-10-12 21:42:07 INFO  root:40 - Added - [Class: Trip, tripId: 4, transportId: 1, route: null, startTimeStamp: 2013-10-12 08:00:00.0]
2013-10-12 22:26:07 INFO  root:48 - Updated - [Class: Trip, tripId: 4, transportId: 1, route: null, startTimeStamp: 2013-10-12 08:00:00.0]
2013-10-12 22:26:37 INFO  root:40 - Added - [Class: Trip, tripId: 5, transportId: 1, route: MKS, startTimeStamp: 2013-10-12 11:00:00.0]
2013-10-12 22:27:00 INFO  root:37 - Added - [Class: Location, locationId: 2, locationAddress: aaaa, route: MKS]
2013-10-12 22:27:05 INFO  root:37 - Added - [Class: Route, route: asas]
2013-10-12 22:27:45 INFO  root:37 - Added - [Class: Designation, designationTitle: Driver, designationRank: 9]
2013-10-12 22:29:02 INFO  root:59 - Added - [Class: User, userName: tarik, userType: driver, locationId: 2]
2013-10-12 22:31:36 INFO  root:48 - Updated - [Class: Trip, tripId: 5, transportId: 1, route: MKS, startTimeStamp: 2013-10-12 11:00:00.0]
2013-10-13 09:54:02 INFO  root:40 - Added - [Class: Trip, tripId: 12, transportId: 1, route: MKS, startTimeStamp: 2013-10-13 10:18:00.0]
2013-10-13 11:19:25 INFO  root:48 - Updated - [Class: Trip, tripId: 10, transportId: 1, route: MKS, startTimeStamp: 2013-10-11 13:00:00.0]
2013-10-13 11:19:34 INFO  root:48 - Updated - [Class: Trip, tripId: 10, transportId: 1, route: MKS, startTimeStamp: 2013-10-11 13:00:00.0]
2013-10-13 12:48:48 INFO  root:59 - Added - [Class: User, userName: milon, userType: driver, locationId: 3]
2013-10-13 12:49:41 INFO  root:37 - Added - [Class: Transport, transportId: 2, transportName: Uttora-Micro, capacity: 2, driverName:milon]
2013-10-13 12:50:01 INFO  root:40 - Added - [Class: Trip, tripId: 13, transportId: 2, route: UTTORA, startTimeStamp: 2013-10-23 04:00:00.0]
2013-10-13 12:51:16 INFO  root:40 - Added - [Class: Trip, tripId: 14, transportId: 2, route: UTTORA, startTimeStamp: 2013-10-23 00:00:00.0]
2013-10-13 14:50:18 INFO  root:48 - Updated - [Class: Trip, tripId: 12, transportId: 1, route: MKS, startTimeStamp: 2013-10-13 10:18:00.0]
2013-10-13 15:11:58 ERROR root:49 - Failed To Fetch User By userName[tamim]
2013-10-13 15:13:25 ERROR root:49 - Failed To Fetch User By userName[tamim]
2013-10-13 15:17:01 ERROR root:49 - Failed To Fetch User By userName[tamim]
2013-10-13 15:19:00 ERROR root:49 - Failed To Fetch User By userName[rony]
2013-10-13 15:19:00 INFO  root:59 - Added - [Class: User, userName: rony, userType: passenger, locationId: 5]
2013-10-13 18:04:15 INFO  root:67 - Updated - [Class: User, userName: saad, userType: admin, locationId: 4]
2013-10-13 18:14:13 INFO  root:67 - Updated - [Class: User, userName: saad, userType: admin, locationId: 4]
2013-10-13 18:20:46 INFO  root:67 - Updated - [Class: User, userName: saad, userType: admin, locationId: 4]
2013-10-13 18:32:12 ERROR root:49 - Failed To Fetch User By userName[mushfek]
2013-10-13 18:32:12 INFO  root:59 - Added - [Class: User, userName: mushfek, userType: passenger, locationId: 1]
2013-10-13 18:37:29 INFO  root:48 - Updated - [Class: Trip, tripId: 12, transportId: 1, route: MKS, startTimeStamp: 2013-10-13 10:18:00.0]
2013-10-13 18:38:57 INFO  root:48 - Updated - [Class: Trip, tripId: 12, transportId: 1, route: MKS, startTimeStamp: 2013-10-13 10:18:00.0]
2013-10-13 20:35:32 INFO  root:67 - Updated - [Class: User, userName: Bibhash, userType: admin, locationId: 4]
2013-10-13 20:46:31 INFO  root:67 - Updated - [Class: User, userName: Bibhash, userType: passenger, locationId: 4]
2013-10-14 01:33:36 INFO  root:48 - Updated - [Class: Trip, tripId: 5, transportId: 1, route: MKS, startTimeStamp: 2013-10-12 11:00:00.0]
2013-10-14 09:35:49 INFO  root:40 - Added - [Class: Trip, tripId: 15, transportId: 1, route: MKS, startTimeStamp: 2013-10-17 14:00:00.0]
2013-10-14 10:37:13 INFO  root:48 - Updated - [Class: Trip, tripId: 15, transportId: 1, route: MKS, startTimeStamp: 2013-10-17 14:00:00.0]
2013-10-14 10:37:43 INFO  root:48 - Updated - [Class: Trip, tripId: 15, transportId: 1, route: MKS, startTimeStamp: 2013-10-17 14:00:00.0]
2013-10-14 10:37:46 INFO  root:48 - Updated - [Class: Trip, tripId: 15, transportId: 1, route: MKS, startTimeStamp: 2013-10-17 14:00:00.0]
2013-10-14 10:38:17 INFO  root:67 - Updated - [Class: User, userName: dipto, userType: admin, locationId: 1]
2013-10-14 10:42:59 ERROR root:49 - Failed To Fetch User By userName[nazrul]
2013-10-14 10:42:59 INFO  root:59 - Added - [Class: User, userName: nazrul, userType: passenger, locationId: 3]
2013-10-14 10:47:05 INFO  root:48 - Updated - [Class: Trip, tripId: 15, transportId: 1, route: MKS, startTimeStamp: 2013-10-17 14:00:00.0]
2013-10-14 10:50:36 INFO  root:40 - Added - [Class: Trip, tripId: 16, transportId: 2, route: UTTORA, startTimeStamp: 2013-10-09 20:00:00.0]
2013-10-14 10:54:31 ERROR root:49 - Failed To Fetch User By userName[sharif]
2013-10-14 10:54:31 INFO  root:59 - Added - [Class: User, userName: sharif, userType: passenger, locationId: 3]
2013-10-14 10:57:54 INFO  root:48 - Updated - [Class: Trip, tripId: 2, transportId: 1, route: MKS, startTimeStamp: 2013-10-09 22:00:00.0]
2013-10-14 12:36:01 INFO  root:40 - Added - [Class: Trip, tripId: 17, transportId: 1, route: MKS, startTimeStamp: 2013-10-30 00:00:00.0]
2013-10-14 12:41:53 INFO  root:48 - Updated - [Class: Trip, tripId: 12, transportId: 1, route: MKS, startTimeStamp: 2013-10-13 10:18:00.0]
2013-10-14 12:41:56 INFO  root:48 - Updated - [Class: Trip, tripId: 12, transportId: 1, route: MKS, startTimeStamp: 2013-10-13 10:18:00.0]
2013-10-14 12:41:59 INFO  root:48 - Updated - [Class: Trip, tripId: 12, transportId: 1, route: MKS, startTimeStamp: 2013-10-13 10:18:00.0]
